# JRE version: Java(TM) SE Runtime Environment (19.0.2+7) (build 19.0.2+7-44)
# Java VM: Java HotSpot(TM) 64-Bit Server VM (19.0.2+7-44, mixed mode, sharing, tiered, compressed oops, compressed class ptrs, parallel gc, linux-amd64)
GC Precious Log:
 CardTable entry size: 512
 CPUs: 4 total, 4 available
 Memory: 7848M
 Large Page Support: Disabled
 NUMA Support: Disabled
 Compressed Oops: Enabled (32-bit)
 Alignments: Space 512K, Generation 512K, Heap 2M
 Heap Min Capacity: 100M
 Heap Initial Capacity: 100M
 Heap Max Capacity: 1G
 Pre-touch: Disabled
 Parallel Workers: 4
Heap:
 PSYoungGen      total 18944K, used 160K [0x00000000eab00000, 0x00000000ec000000, 0x0000000100000000)
  eden space 18432K, 0% used [0x00000000eab00000,0x00000000eab00000,0x00000000ebd00000)
  from space 512K, 31% used [0x00000000ebf80000,0x00000000ebfa8000,0x00000000ec000000)
  to   space 512K, 0% used [0x00000000ebd80000,0x00000000ebd80000,0x00000000ebe00000)
 ParOldGen       total 106496K, used 97194K [0x00000000c0000000, 0x00000000c6800000, 0x00000000eab00000)
  object space 106496K, 91% used [0x00000000c0000000,0x00000000c5eeaba0,0x00000000c6800000)
 Metaspace       used 55961K, committed 57152K, reserved 1114112K
  class space    used 5723K, committed 6272K, reserved 1048576K
GC Heap History (20 events):
Event: 26.763 GC heap after
{Heap after GC invocations=29 (full 2):
 PSYoungGen      total 19968K, used 1536K [0x00000000eab00000, 0x00000000ec100000, 0x0000000100000000)
  eden space 18432K, 0% used [0x00000000eab00000,0x00000000eab00000,0x00000000ebd00000)
  from space 1536K, 100% used [0x00000000ebd80000,0x00000000ebf00000,0x00000000ebf00000)
  to   space 2048K, 0% used [0x00000000ebf00000,0x00000000ebf00000,0x00000000ec100000)
 ParOldGen       total 68608K, used 47088K [0x00000000c0000000, 0x00000000c4300000, 0x00000000eab00000)
  object space 68608K, 68% used [0x00000000c0000000,0x00000000c2dfc2a8,0x00000000c4300000)
 Metaspace       used 52702K, committed 53888K, reserved 1114112K
  class space    used 5436K, committed 5952K, reserved 1048576K
}
Event: 27.618 GC heap before
{Heap before GC invocations=30 (full 2):
 PSYoungGen      total 19968K, used 19968K [0x00000000eab00000, 0x00000000ec100000, 0x0000000100000000)
  eden space 18432K, 100% used [0x00000000eab00000,0x00000000ebd00000,0x00000000ebd00000)
  from space 1536K, 100% used [0x00000000ebd80000,0x00000000ebf00000,0x00000000ebf00000)
  to   space 2048K, 0% used [0x00000000ebf00000,0x00000000ebf00000,0x00000000ec100000)
 ParOldGen       total 68608K, used 47088K [0x00000000c0000000, 0x00000000c4300000, 0x00000000eab00000)
  object space 68608K, 68% used [0x00000000c0000000,0x00000000c2dfc2a8,0x00000000c4300000)
 Metaspace       used 52870K, committed 54016K, reserved 1114112K
  class space    used 5445K, committed 5952K, reserved 1048576K
}
Event: 27.634 GC heap after
{Heap after GC invocations=30 (full 2):
 PSYoungGen      total 20480K, used 1536K [0x00000000eab00000, 0x00000000ec100000, 0x0000000100000000)
  eden space 18432K, 0% used [0x00000000eab00000,0x00000000eab00000,0x00000000ebd00000)
  from space 2048K, 75% used [0x00000000ebf00000,0x00000000ec080000,0x00000000ec100000)
  to   space 2048K, 0% used [0x00000000ebd00000,0x00000000ebd00000,0x00000000ebf00000)
 ParOldGen       total 68608K, used 48570K [0x00000000c0000000, 0x00000000c4300000, 0x00000000eab00000)
  object space 68608K, 70% used [0x00000000c0000000,0x00000000c2f6e9a8,0x00000000c4300000)
 Metaspace       used 52870K, committed 54016K, reserved 1114112K
  class space    used 5445K, committed 5952K, reserved 1048576K
}
Event: 28.124 GC heap before
{Heap before GC invocations=31 (full 2):
 PSYoungGen      total 20480K, used 19968K [0x00000000eab00000, 0x00000000ec100000, 0x0000000100000000)
  eden space 18432K, 100% used [0x00000000eab00000,0x00000000ebd00000,0x00000000ebd00000)
  from space 2048K, 75% used [0x00000000ebf00000,0x00000000ec080000,0x00000000ec100000)
  to   space 2048K, 0% used [0x00000000ebd00000,0x00000000ebd00000,0x00000000ebf00000)
 ParOldGen       total 68608K, used 48570K [0x00000000c0000000, 0x00000000c4300000, 0x00000000eab00000)
  object space 68608K, 70% used [0x00000000c0000000,0x00000000c2f6e9a8,0x00000000c4300000)
 Metaspace       used 53055K, committed 54208K, reserved 1114112K
  class space    used 5445K, committed 5952K, reserved 1048576K
}
Event: 28.132 GC heap after
{Heap after GC invocations=31 (full 2):
 PSYoungGen      total 19968K, used 1216K [0x00000000eab00000, 0x00000000ec000000, 0x0000000100000000)
  eden space 18432K, 0% used [0x00000000eab00000,0x00000000eab00000,0x00000000ebd00000)
  from space 1536K, 79% used [0x00000000ebd00000,0x00000000ebe30000,0x00000000ebe80000)
  to   space 1536K, 0% used [0x00000000ebe80000,0x00000000ebe80000,0x00000000ec000000)
 ParOldGen       total 68608K, used 50010K [0x00000000c0000000, 0x00000000c4300000, 0x00000000eab00000)
  object space 68608K, 72% used [0x00000000c0000000,0x00000000c30d69b8,0x00000000c4300000)
 Metaspace       used 53055K, committed 54208K, reserved 1114112K
  class space    used 5445K, committed 5952K, reserved 1048576K
}
Event: 28.859 GC heap before
{Heap before GC invocations=32 (full 2):
 PSYoungGen      total 19968K, used 19648K [0x00000000eab00000, 0x00000000ec000000, 0x0000000100000000)
  eden space 18432K, 100% used [0x00000000eab00000,0x00000000ebd00000,0x00000000ebd00000)
  from space 1536K, 79% used [0x00000000ebd00000,0x00000000ebe30000,0x00000000ebe80000)
  to   space 1536K, 0% used [0x00000000ebe80000,0x00000000ebe80000,0x00000000ec000000)
 ParOldGen       total 68608K, used 50010K [0x00000000c0000000, 0x00000000c4300000, 0x00000000eab00000)
  object space 68608K, 72% used [0x00000000c0000000,0x00000000c30d69b8,0x00000000c4300000)
 Metaspace       used 53638K, committed 54784K, reserved 1114112K
  class space    used 5499K, committed 6016K, reserved 1048576K
}
Event: 28.865 GC heap after
{Heap after GC invocations=32 (full 2):
 PSYoungGen      total 19968K, used 1248K [0x00000000eab00000, 0x00000000ec000000, 0x0000000100000000)
  eden space 18432K, 0% used [0x00000000eab00000,0x00000000eab00000,0x00000000ebd00000)
  from space 1536K, 81% used [0x00000000ebe80000,0x00000000ebfb8000,0x00000000ec000000)
  to   space 1536K, 0% used [0x00000000ebd00000,0x00000000ebd00000,0x00000000ebe80000)
 ParOldGen       total 68608K, used 51034K [0x00000000c0000000, 0x00000000c4300000, 0x00000000eab00000)
  object space 68608K, 74% used [0x00000000c0000000,0x00000000c31d69b8,0x00000000c4300000)
 Metaspace       used 53638K, committed 54784K, reserved 1114112K
  class space    used 5499K, committed 6016K, reserved 1048576K
}
Event: 30.553 GC heap before
{Heap before GC invocations=33 (full 2):
 PSYoungGen      total 19968K, used 19680K [0x00000000eab00000, 0x00000000ec000000, 0x0000000100000000)
  eden space 18432K, 100% used [0x00000000eab00000,0x00000000ebd00000,0x00000000ebd00000)
  from space 1536K, 81% used [0x00000000ebe80000,0x00000000ebfb8000,0x00000000ec000000)
  to   space 1536K, 0% used [0x00000000ebd00000,0x00000000ebd00000,0x00000000ebe80000)
 ParOldGen       total 68608K, used 51034K [0x00000000c0000000, 0x00000000c4300000, 0x00000000eab00000)
  object space 68608K, 74% used [0x00000000c0000000,0x00000000c31d69b8,0x00000000c4300000)
 Metaspace       used 54850K, committed 56064K, reserved 1114112K
  class space    used 5619K, committed 6144K, reserved 1048576K
}
Event: 30.570 GC heap after
{Heap after GC invocations=33 (full 2):
 PSYoungGen      total 19968K, used 1401K [0x00000000eab00000, 0x00000000ec000000, 0x0000000100000000)
  eden space 18432K, 0% used [0x00000000eab00000,0x00000000eab00000,0x00000000ebd00000)
  from space 1536K, 91% used [0x00000000ebd00000,0x00000000ebe5e440,0x00000000ebe80000)
  to   space 1536K, 0% used [0x00000000ebe80000,0x00000000ebe80000,0x00000000ec000000)
 ParOldGen       total 68608K, used 54734K [0x00000000c0000000, 0x00000000c4300000, 0x00000000eab00000)
  object space 68608K, 79% used [0x00000000c0000000,0x00000000c35738b8,0x00000000c4300000)
 Metaspace       used 54850K, committed 56064K, reserved 1114112K
  class space    used 5619K, committed 6144K, reserved 1048576K
}
Event: 31.322 GC heap before
{Heap before GC invocations=34 (full 2):
 PSYoungGen      total 19968K, used 19833K [0x00000000eab00000, 0x00000000ec000000, 0x0000000100000000)
  eden space 18432K, 100% used [0x00000000eab00000,0x00000000ebd00000,0x00000000ebd00000)
  from space 1536K, 91% used [0x00000000ebd00000,0x00000000ebe5e440,0x00000000ebe80000)
  to   space 1536K, 0% used [0x00000000ebe80000,0x00000000ebe80000,0x00000000ec000000)
 ParOldGen       total 68608K, used 54734K [0x00000000c0000000, 0x00000000c4300000, 0x00000000eab00000)
  object space 68608K, 79% used [0x00000000c0000000,0x00000000c35738b8,0x00000000c4300000)
 Metaspace       used 55873K, committed 57088K, reserved 1114112K
  class space    used 5716K, committed 6272K, reserved 1048576K
}
Event: 31.337 GC heap after
{Heap after GC invocations=34 (full 2):
 PSYoungGen      total 19968K, used 1151K [0x00000000eab00000, 0x00000000ec000000, 0x0000000100000000)
  eden space 18432K, 0% used [0x00000000eab00000,0x00000000eab00000,0x00000000ebd00000)
  from space 1536K, 74% used [0x00000000ebe80000,0x00000000ebf9fd58,0x00000000ec000000)
  to   space 1536K, 0% used [0x00000000ebd00000,0x00000000ebd00000,0x00000000ebe80000)
 ParOldGen       total 68608K, used 55959K [0x00000000c0000000, 0x00000000c4300000, 0x00000000eab00000)
  object space 68608K, 81% used [0x00000000c0000000,0x00000000c36a5f08,0x00000000c4300000)
 Metaspace       used 55873K, committed 57088K, reserved 1114112K
  class space    used 5716K, committed 6272K, reserved 1048576K
}
Event: 31.457 GC heap before
{Heap before GC invocations=35 (full 2):
 PSYoungGen      total 19968K, used 19583K [0x00000000eab00000, 0x00000000ec000000, 0x0000000100000000)
  eden space 18432K, 100% used [0x00000000eab00000,0x00000000ebd00000,0x00000000ebd00000)
  from space 1536K, 74% used [0x00000000ebe80000,0x00000000ebf9fd58,0x00000000ec000000)
  to   space 1536K, 0% used [0x00000000ebd00000,0x00000000ebd00000,0x00000000ebe80000)
 ParOldGen       total 68608K, used 55959K [0x00000000c0000000, 0x00000000c4300000, 0x00000000eab00000)
  object space 68608K, 81% used [0x00000000c0000000,0x00000000c36a5f08,0x00000000c4300000)
 Metaspace       used 55906K, committed 57088K, reserved 1114112K
  class space    used 5720K, committed 6272K, reserved 1048576K
}
Event: 31.474 GC heap after
{Heap after GC invocations=35 (full 2):
 PSYoungGen      total 19968K, used 1513K [0x00000000eab00000, 0x00000000ec300000, 0x0000000100000000)
  eden space 18432K, 0% used [0x00000000eab00000,0x00000000eab00000,0x00000000ebd00000)
  from space 1536K, 98% used [0x00000000ebd00000,0x00000000ebe7a780,0x00000000ebe80000)
  to   space 3072K, 0% used [0x00000000ec000000,0x00000000ec000000,0x00000000ec300000)
 ParOldGen       total 68608K, used 57044K [0x00000000c0000000, 0x00000000c4300000, 0x00000000eab00000)
  object space 68608K, 83% used [0x00000000c0000000,0x00000000c37b5150,0x00000000c4300000)
 Metaspace       used 55906K, committed 57088K, reserved 1114112K
  class space    used 5720K, committed 6272K, reserved 1048576K
}
Event: 31.775 GC heap before
{Heap before GC invocations=36 (full 2):
 PSYoungGen      total 19968K, used 19783K [0x00000000eab00000, 0x00000000ec300000, 0x0000000100000000)
  eden space 18432K, 99% used [0x00000000eab00000,0x00000000ebcd7758,0x00000000ebd00000)
  from space 1536K, 98% used [0x00000000ebd00000,0x00000000ebe7a780,0x00000000ebe80000)
  to   space 3072K, 0% used [0x00000000ec000000,0x00000000ec000000,0x00000000ec300000)
 ParOldGen       total 68608K, used 57044K [0x00000000c0000000, 0x00000000c4300000, 0x00000000eab00000)
  object space 68608K, 83% used [0x00000000c0000000,0x00000000c37b5150,0x00000000c4300000)
 Metaspace       used 55947K, committed 57152K, reserved 1114112K
  class space    used 5723K, committed 6272K, reserved 1048576K
}
Event: 31.780 GC heap after
{Heap after GC invocations=36 (full 2):
 PSYoungGen      total 20992K, used 2099K [0x00000000eab00000, 0x00000000ec280000, 0x0000000100000000)
  eden space 18432K, 0% used [0x00000000eab00000,0x00000000eab00000,0x00000000ebd00000)
  from space 2560K, 82% used [0x00000000ec000000,0x00000000ec20cda8,0x00000000ec280000)
  to   space 2560K, 0% used [0x00000000ebd80000,0x00000000ebd80000,0x00000000ec000000)
 ParOldGen       total 68608K, used 57092K [0x00000000c0000000, 0x00000000c4300000, 0x00000000eab00000)
  object space 68608K, 83% used [0x00000000c0000000,0x00000000c37c1150,0x00000000c4300000)
 Metaspace       used 55947K, committed 57152K, reserved 1114112K
  class space    used 5723K, committed 6272K, reserved 1048576K
}
Event: 31.912 GC heap before
{Heap before GC invocations=37 (full 2):
 PSYoungGen      total 20992K, used 20390K [0x00000000eab00000, 0x00000000ec280000, 0x0000000100000000)
  eden space 18432K, 99% used [0x00000000eab00000,0x00000000ebcdcdc8,0x00000000ebd00000)
  from space 2560K, 82% used [0x00000000ec000000,0x00000000ec20cda8,0x00000000ec280000)
  to   space 2560K, 0% used [0x00000000ebd80000,0x00000000ebd80000,0x00000000ec000000)
 ParOldGen       total 83968K, used 72412K [0x00000000c0000000, 0x00000000c5200000, 0x00000000eab00000)
  object space 83968K, 86% used [0x00000000c0000000,0x00000000c46b7160,0x00000000c5200000)
 Metaspace       used 55949K, committed 57152K, reserved 1114112K
  class space    used 5723K, committed 6272K, reserved 1048576K
}
Event: 31.922 GC heap after
{Heap after GC invocations=37 (full 2):
 PSYoungGen      total 18944K, used 128K [0x00000000eab00000, 0x00000000ec080000, 0x0000000100000000)
  eden space 18432K, 0% used [0x00000000eab00000,0x00000000eab00000,0x00000000ebd00000)
  from space 512K, 25% used [0x00000000ebd80000,0x00000000ebda0000,0x00000000ebe00000)
  to   space 1024K, 0% used [0x00000000ebf80000,0x00000000ebf80000,0x00000000ec080000)
 ParOldGen       total 83968K, used 75144K [0x00000000c0000000, 0x00000000c5200000, 0x00000000eab00000)
  object space 83968K, 89% used [0x00000000c0000000,0x00000000c4962060,0x00000000c5200000)
 Metaspace       used 55949K, committed 57152K, reserved 1114112K
  class space    used 5723K, committed 6272K, reserved 1048576K
}
Event: 32.076 GC heap before
{Heap before GC invocations=38 (full 2):
 PSYoungGen      total 18944K, used 18507K [0x00000000eab00000, 0x00000000ec080000, 0x0000000100000000)
  eden space 18432K, 99% used [0x00000000eab00000,0x00000000ebcf2c30,0x00000000ebd00000)
  from space 512K, 25% used [0x00000000ebd80000,0x00000000ebda0000,0x00000000ebe00000)
  to   space 1024K, 0% used [0x00000000ebf80000,0x00000000ebf80000,0x00000000ec080000)
 ParOldGen       total 95232K, used 86153K [0x00000000c0000000, 0x00000000c5d00000, 0x00000000eab00000)
  object space 95232K, 90% used [0x00000000c0000000,0x00000000c5422600,0x00000000c5d00000)
 Metaspace       used 55961K, committed 57152K, reserved 1114112K
  class space    used 5723K, committed 6272K, reserved 1048576K
}
Event: 32.127 GC heap after
{Heap after GC invocations=38 (full 2):
 PSYoungGen      total 18944K, used 160K [0x00000000eab00000, 0x00000000ec000000, 0x0000000100000000)
  eden space 18432K, 0% used [0x00000000eab00000,0x00000000eab00000,0x00000000ebd00000)
  from space 512K, 31% used [0x00000000ebf80000,0x00000000ebfa8000,0x00000000ec000000)
  to   space 512K, 0% used [0x00000000ebd80000,0x00000000ebd80000,0x00000000ebe00000)
 ParOldGen       total 106496K, used 97194K [0x00000000c0000000, 0x00000000c6800000, 0x00000000eab00000)
  object space 106496K, 91% used [0x00000000c0000000,0x00000000c5eeaba0,0x00000000c6800000)
 Metaspace       used 55961K, committed 57152K, reserved 1114112K
  class space    used 5723K, committed 6272K, reserved 1048576K
}
Event: 32.127 GC heap before
{Heap before GC invocations=39 (full 3):
 PSYoungGen      total 18944K, used 160K [0x00000000eab00000, 0x00000000ec000000, 0x0000000100000000)
  eden space 18432K, 0% used [0x00000000eab00000,0x00000000eab00000,0x00000000ebd00000)
  from space 512K, 31% used [0x00000000ebf80000,0x00000000ebfa8000,0x00000000ec000000)
  to   space 512K, 0% used [0x00000000ebd80000,0x00000000ebd80000,0x00000000ebe00000)
 ParOldGen       total 106496K, used 97194K [0x00000000c0000000, 0x00000000c6800000, 0x00000000eab00000)
  object space 106496K, 91% used [0x00000000c0000000,0x00000000c5eeaba0,0x00000000c6800000)
 Metaspace       used 55961K, committed 57152K, reserved 1114112K
  class space    used 5723K, committed 6272K, reserved 1048576K
}

