# JRE version: Java(TM) SE Runtime Environment (19.0.2+7) (build 19.0.2+7-44)
# Java VM: Java HotSpot(TM) 64-Bit Server VM (19.0.2+7-44, mixed mode, sharing, tiered, compressed oops, compressed class ptrs, parallel gc, linux-amd64)
GC Precious Log:
 CardTable entry size: 512
 CPUs: 4 total, 4 available
 Memory: 7848M
 Large Page Support: Disabled
 NUMA Support: Disabled
 Compressed Oops: Enabled (32-bit)
 Alignments: Space 512K, Generation 512K, Heap 2M
 Heap Min Capacity: 100M
 Heap Initial Capacity: 100M
 Heap Max Capacity: 1G
 Pre-touch: Disabled
 Parallel Workers: 4
Heap:
 PSYoungGen      total 28160K, used 27744K [0x00000000eab00000, 0x00000000ecd00000, 0x0000000100000000)
  eden space 23040K, 100% used [0x00000000eab00000,0x00000000ec180000,0x00000000ec180000)
  from space 5120K, 91% used [0x00000000ec800000,0x00000000ecc98020,0x00000000ecd00000)
  to   space 5120K, 44% used [0x00000000ec300000,0x00000000ec538010,0x00000000ec800000)
 ParOldGen       total 699392K, used 18190K [0x00000000c0000000, 0x00000000eab00000, 0x00000000eab00000)
  object space 699392K, 2% used [0x00000000c0000000,0x00000000c11c39f0,0x00000000eab00000)
 Metaspace       used 27389K, committed 28096K, reserved 1114112K
  class space    used 2600K, committed 2944K, reserved 1048576K
GC Heap History (20 events):
Event: 6.280 GC heap after
{Heap after GC invocations=3 (full 0):
 PSYoungGen      total 29696K, used 4092K [0x00000000eab00000, 0x00000000ecc00000, 0x0000000100000000)
  eden space 25600K, 0% used [0x00000000eab00000,0x00000000eab00000,0x00000000ec400000)
  from space 4096K, 99% used [0x00000000ec400000,0x00000000ec7ff308,0x00000000ec800000)
  to   space 4096K, 0% used [0x00000000ec800000,0x00000000ec800000,0x00000000ecc00000)
 ParOldGen       total 68608K, used 2680K [0x00000000c0000000, 0x00000000c4300000, 0x00000000eab00000)
  object space 68608K, 3% used [0x00000000c0000000,0x00000000c029e3a0,0x00000000c4300000)
 Metaspace       used 13897K, committed 14464K, reserved 1114112K
  class space    used 1342K, committed 1600K, reserved 1048576K
}
Event: 7.478 GC heap before
{Heap before GC invocations=4 (full 0):
 PSYoungGen      total 29696K, used 29692K [0x00000000eab00000, 0x00000000ecc00000, 0x0000000100000000)
  eden space 25600K, 100% used [0x00000000eab00000,0x00000000ec400000,0x00000000ec400000)
  from space 4096K, 99% used [0x00000000ec400000,0x00000000ec7ff308,0x00000000ec800000)
  to   space 4096K, 0% used [0x00000000ec800000,0x00000000ec800000,0x00000000ecc00000)
 ParOldGen       total 68608K, used 2680K [0x00000000c0000000, 0x00000000c4300000, 0x00000000eab00000)
  object space 68608K, 3% used [0x00000000c0000000,0x00000000c029e3a0,0x00000000c4300000)
 Metaspace       used 18078K, committed 18560K, reserved 1114112K
  class space    used 1639K, committed 1856K, reserved 1048576K
}
Event: 7.498 GC heap after
{Heap after GC invocations=4 (full 0):
 PSYoungGen      total 29696K, used 4067K [0x00000000eab00000, 0x00000000ecc00000, 0x0000000100000000)
  eden space 25600K, 0% used [0x00000000eab00000,0x00000000eab00000,0x00000000ec400000)
  from space 4096K, 99% used [0x00000000ec800000,0x00000000ecbf8df8,0x00000000ecc00000)
  to   space 4096K, 0% used [0x00000000ec400000,0x00000000ec400000,0x00000000ec800000)
 ParOldGen       total 68608K, used 3357K [0x00000000c0000000, 0x00000000c4300000, 0x00000000eab00000)
  object space 68608K, 4% used [0x00000000c0000000,0x00000000c03477d0,0x00000000c4300000)
 Metaspace       used 18078K, committed 18560K, reserved 1114112K
  class space    used 1639K, committed 1856K, reserved 1048576K
}
Event: 8.674 GC heap before
{Heap before GC invocations=5 (full 0):
 PSYoungGen      total 29696K, used 27432K [0x00000000eab00000, 0x00000000ecc00000, 0x0000000100000000)
  eden space 25600K, 91% used [0x00000000eab00000,0x00000000ec1d12c8,0x00000000ec400000)
  from space 4096K, 99% used [0x00000000ec800000,0x00000000ecbf8df8,0x00000000ecc00000)
  to   space 4096K, 0% used [0x00000000ec400000,0x00000000ec400000,0x00000000ec800000)
 ParOldGen       total 68608K, used 3357K [0x00000000c0000000, 0x00000000c4300000, 0x00000000eab00000)
  object space 68608K, 4% used [0x00000000c0000000,0x00000000c03477d0,0x00000000c4300000)
 Metaspace       used 21020K, committed 21504K, reserved 1114112K
  class space    used 1872K, committed 2112K, reserved 1048576K
}
Event: 8.699 GC heap after
{Heap after GC invocations=5 (full 0):
 PSYoungGen      total 29696K, used 4066K [0x00000000eab00000, 0x00000000ece00000, 0x0000000100000000)
  eden space 25600K, 0% used [0x00000000eab00000,0x00000000eab00000,0x00000000ec400000)
  from space 4096K, 99% used [0x00000000ec400000,0x00000000ec7f8ba0,0x00000000ec800000)
  to   space 5120K, 0% used [0x00000000ec900000,0x00000000ec900000,0x00000000ece00000)
 ParOldGen       total 68608K, used 4234K [0x00000000c0000000, 0x00000000c4300000, 0x00000000eab00000)
  object space 68608K, 6% used [0x00000000c0000000,0x00000000c0422a90,0x00000000c4300000)
 Metaspace       used 21020K, committed 21504K, reserved 1114112K
  class space    used 1872K, committed 2112K, reserved 1048576K
}
Event: 8.699 GC heap before
{Heap before GC invocations=6 (full 1):
 PSYoungGen      total 29696K, used 4066K [0x00000000eab00000, 0x00000000ece00000, 0x0000000100000000)
  eden space 25600K, 0% used [0x00000000eab00000,0x00000000eab00000,0x00000000ec400000)
  from space 4096K, 99% used [0x00000000ec400000,0x00000000ec7f8ba0,0x00000000ec800000)
  to   space 5120K, 0% used [0x00000000ec900000,0x00000000ec900000,0x00000000ece00000)
 ParOldGen       total 68608K, used 4234K [0x00000000c0000000, 0x00000000c4300000, 0x00000000eab00000)
  object space 68608K, 6% used [0x00000000c0000000,0x00000000c0422a90,0x00000000c4300000)
 Metaspace       used 21020K, committed 21504K, reserved 1114112K
  class space    used 1872K, committed 2112K, reserved 1048576K
}
Event: 8.894 GC heap after
{Heap after GC invocations=6 (full 1):
 PSYoungGen      total 29696K, used 0K [0x00000000eab00000, 0x00000000ece00000, 0x0000000100000000)
  eden space 25600K, 0% used [0x00000000eab00000,0x00000000eab00000,0x00000000ec400000)
  from space 4096K, 0% used [0x00000000ec400000,0x00000000ec400000,0x00000000ec800000)
  to   space 5120K, 0% used [0x00000000ec900000,0x00000000ec900000,0x00000000ece00000)
 ParOldGen       total 68608K, used 7981K [0x00000000c0000000, 0x00000000c4300000, 0x00000000eab00000)
  object space 68608K, 11% used [0x00000000c0000000,0x00000000c07cb460,0x00000000c4300000)
 Metaspace       used 21020K, committed 21504K, reserved 1114112K
  class space    used 1872K, committed 2112K, reserved 1048576K
}
Event: 11.615 GC heap before
{Heap before GC invocations=7 (full 1):
 PSYoungGen      total 29696K, used 25600K [0x00000000eab00000, 0x00000000ece00000, 0x0000000100000000)
  eden space 25600K, 100% used [0x00000000eab00000,0x00000000ec400000,0x00000000ec400000)
  from space 4096K, 0% used [0x00000000ec400000,0x00000000ec400000,0x00000000ec800000)
  to   space 5120K, 0% used [0x00000000ec900000,0x00000000ec900000,0x00000000ece00000)
 ParOldGen       total 68608K, used 7981K [0x00000000c0000000, 0x00000000c4300000, 0x00000000eab00000)
  object space 68608K, 11% used [0x00000000c0000000,0x00000000c07cb460,0x00000000c4300000)
 Metaspace       used 25990K, committed 26624K, reserved 1114112K
  class space    used 2458K, committed 2752K, reserved 1048576K
}
Event: 11.624 GC heap after
{Heap after GC invocations=7 (full 1):
 PSYoungGen      total 27136K, used 1782K [0x00000000eab00000, 0x00000000ecb00000, 0x0000000100000000)
  eden space 25088K, 0% used [0x00000000eab00000,0x00000000eab00000,0x00000000ec380000)
  from space 2048K, 87% used [0x00000000ec900000,0x00000000ecabd920,0x00000000ecb00000)
  to   space 3072K, 0% used [0x00000000ec500000,0x00000000ec500000,0x00000000ec800000)
 ParOldGen       total 68608K, used 7989K [0x00000000c0000000, 0x00000000c4300000, 0x00000000eab00000)
  object space 68608K, 11% used [0x00000000c0000000,0x00000000c07cd460,0x00000000c4300000)
 Metaspace       used 25990K, committed 26624K, reserved 1114112K
  class space    used 2458K, committed 2752K, reserved 1048576K
}
Event: 12.268 GC heap before
{Heap before GC invocations=8 (full 1):
 PSYoungGen      total 27136K, used 26870K [0x00000000eab00000, 0x00000000ecb00000, 0x0000000100000000)
  eden space 25088K, 100% used [0x00000000eab00000,0x00000000ec380000,0x00000000ec380000)
  from space 2048K, 87% used [0x00000000ec900000,0x00000000ecabd920,0x00000000ecb00000)
  to   space 3072K, 0% used [0x00000000ec500000,0x00000000ec500000,0x00000000ec800000)
 ParOldGen       total 68608K, used 7989K [0x00000000c0000000, 0x00000000c4300000, 0x00000000eab00000)
  object space 68608K, 11% used [0x00000000c0000000,0x00000000c07cd460,0x00000000c4300000)
 Metaspace       used 27228K, committed 27968K, reserved 1114112K
  class space    used 2583K, committed 2944K, reserved 1048576K
}
Event: 12.274 GC heap after
{Heap after GC invocations=8 (full 1):
 PSYoungGen      total 27648K, used 3062K [0x00000000eab00000, 0x00000000ecc00000, 0x0000000100000000)
  eden space 24576K, 0% used [0x00000000eab00000,0x00000000eab00000,0x00000000ec300000)
  from space 3072K, 99% used [0x00000000ec500000,0x00000000ec7fd940,0x00000000ec800000)
  to   space 4096K, 0% used [0x00000000ec800000,0x00000000ec800000,0x00000000ecc00000)
 ParOldGen       total 68608K, used 8741K [0x00000000c0000000, 0x00000000c4300000, 0x00000000eab00000)
  object space 68608K, 12% used [0x00000000c0000000,0x00000000c0889460,0x00000000c4300000)
 Metaspace       used 27228K, committed 27968K, reserved 1114112K
  class space    used 2583K, committed 2944K, reserved 1048576K
}
Event: 12.754 GC heap before
{Heap before GC invocations=9 (full 1):
 PSYoungGen      total 27648K, used 27638K [0x00000000eab00000, 0x00000000ecc00000, 0x0000000100000000)
  eden space 24576K, 100% used [0x00000000eab00000,0x00000000ec300000,0x00000000ec300000)
  from space 3072K, 99% used [0x00000000ec500000,0x00000000ec7fd940,0x00000000ec800000)
  to   space 4096K, 0% used [0x00000000ec800000,0x00000000ec800000,0x00000000ecc00000)
 ParOldGen       total 68608K, used 8741K [0x00000000c0000000, 0x00000000c4300000, 0x00000000eab00000)
  object space 68608K, 12% used [0x00000000c0000000,0x00000000c0889460,0x00000000c4300000)
 Metaspace       used 27344K, committed 28032K, reserved 1114112K
  class space    used 2591K, committed 2944K, reserved 1048576K
}
Event: 12.772 GC heap after
{Heap after GC invocations=9 (full 1):
 PSYoungGen      total 28160K, used 4081K [0x00000000eab00000, 0x00000000ecd80000, 0x0000000100000000)
  eden space 24064K, 0% used [0x00000000eab00000,0x00000000eab00000,0x00000000ec280000)
  from space 4096K, 99% used [0x00000000ec800000,0x00000000ecbfc640,0x00000000ecc00000)
  to   space 5632K, 0% used [0x00000000ec280000,0x00000000ec280000,0x00000000ec800000)
 ParOldGen       total 68608K, used 9721K [0x00000000c0000000, 0x00000000c4300000, 0x00000000eab00000)
  object space 68608K, 14% used [0x00000000c0000000,0x00000000c097e678,0x00000000c4300000)
 Metaspace       used 27344K, committed 28032K, reserved 1114112K
  class space    used 2591K, committed 2944K, reserved 1048576K
}
Event: 12.902 GC heap before
{Heap before GC invocations=10 (full 1):
 PSYoungGen      total 28160K, used 28145K [0x00000000eab00000, 0x00000000ecd80000, 0x0000000100000000)
  eden space 24064K, 100% used [0x00000000eab00000,0x00000000ec280000,0x00000000ec280000)
  from space 4096K, 99% used [0x00000000ec800000,0x00000000ecbfc640,0x00000000ecc00000)
  to   space 5632K, 0% used [0x00000000ec280000,0x00000000ec280000,0x00000000ec800000)
 ParOldGen       total 68608K, used 9721K [0x00000000c0000000, 0x00000000c4300000, 0x00000000eab00000)
  object space 68608K, 14% used [0x00000000c0000000,0x00000000c097e678,0x00000000c4300000)
 Metaspace       used 27389K, committed 28096K, reserved 1114112K
  class space    used 2600K, committed 2944K, reserved 1048576K
}
Event: 12.926 GC heap after
{Heap after GC invocations=10 (full 1):
 PSYoungGen      total 29184K, used 5504K [0x00000000eab00000, 0x00000000ece00000, 0x0000000100000000)
  eden space 23552K, 0% used [0x00000000eab00000,0x00000000eab00000,0x00000000ec200000)
  from space 5632K, 97% used [0x00000000ec280000,0x00000000ec7e0020,0x00000000ec800000)
  to   space 6144K, 0% used [0x00000000ec800000,0x00000000ec800000,0x00000000ece00000)
 ParOldGen       total 68608K, used 10868K [0x00000000c0000000, 0x00000000c4300000, 0x00000000eab00000)
  object space 68608K, 15% used [0x00000000c0000000,0x00000000c0a9d228,0x00000000c4300000)
 Metaspace       used 27389K, committed 28096K, reserved 1114112K
  class space    used 2600K, committed 2944K, reserved 1048576K
}
Event: 13.085 GC heap before
{Heap before GC invocations=11 (full 1):
 PSYoungGen      total 29184K, used 29056K [0x00000000eab00000, 0x00000000ece00000, 0x0000000100000000)
  eden space 23552K, 100% used [0x00000000eab00000,0x00000000ec200000,0x00000000ec200000)
  from space 5632K, 97% used [0x00000000ec280000,0x00000000ec7e0020,0x00000000ec800000)
  to   space 6144K, 0% used [0x00000000ec800000,0x00000000ec800000,0x00000000ece00000)
 ParOldGen       total 68608K, used 10868K [0x00000000c0000000, 0x00000000c4300000, 0x00000000eab00000)
  object space 68608K, 15% used [0x00000000c0000000,0x00000000c0a9d228,0x00000000c4300000)
 Metaspace       used 27389K, committed 28096K, reserved 1114112K
  class space    used 2600K, committed 2944K, reserved 1048576K
}
Event: 13.103 GC heap after
{Heap after GC invocations=11 (full 1):
 PSYoungGen      total 28160K, used 4704K [0x00000000eab00000, 0x00000000ecd00000, 0x0000000100000000)
  eden space 23040K, 0% used [0x00000000eab00000,0x00000000eab00000,0x00000000ec180000)
  from space 5120K, 91% used [0x00000000ec800000,0x00000000ecc98020,0x00000000ecd00000)
  to   space 5120K, 0% used [0x00000000ec300000,0x00000000ec300000,0x00000000ec800000)
 ParOldGen       total 68608K, used 13788K [0x00000000c0000000, 0x00000000c4300000, 0x00000000eab00000)
  object space 68608K, 20% used [0x00000000c0000000,0x00000000c0d77238,0x00000000c4300000)
 Metaspace       used 27389K, committed 28096K, reserved 1114112K
  class space    used 2600K, committed 2944K, reserved 1048576K
}
Event: 13.304 GC heap before
{Heap before GC invocations=12 (full 1):
 PSYoungGen      total 28160K, used 27744K [0x00000000eab00000, 0x00000000ecd00000, 0x0000000100000000)
  eden space 23040K, 100% used [0x00000000eab00000,0x00000000ec180000,0x00000000ec180000)
  from space 5120K, 91% used [0x00000000ec800000,0x00000000ecc98020,0x00000000ecd00000)
  to   space 5120K, 0% used [0x00000000ec300000,0x00000000ec300000,0x00000000ec800000)
 ParOldGen       total 68608K, used 13788K [0x00000000c0000000, 0x00000000c4300000, 0x00000000eab00000)
  object space 68608K, 20% used [0x00000000c0000000,0x00000000c0d77238,0x00000000c4300000)
 Metaspace       used 27389K, committed 28096K, reserved 1114112K
  class space    used 2600K, committed 2944K, reserved 1048576K
}
Event: 13.316 GC heap after
{Heap after GC invocations=12 (full 1):
 PSYoungGen      total 28160K, used 27744K [0x00000000eab00000, 0x00000000ecd00000, 0x0000000100000000)
  eden space 23040K, 100% used [0x00000000eab00000,0x00000000ec180000,0x00000000ec180000)
  from space 5120K, 91% used [0x00000000ec800000,0x00000000ecc98020,0x00000000ecd00000)
  to   space 5120K, 44% used [0x00000000ec300000,0x00000000ec538010,0x00000000ec800000)
 ParOldGen       total 699392K, used 18190K [0x00000000c0000000, 0x00000000eab00000, 0x00000000eab00000)
  object space 699392K, 2% used [0x00000000c0000000,0x00000000c11c39f0,0x00000000eab00000)
 Metaspace       used 27389K, committed 28096K, reserved 1114112K
  class space    used 2600K, committed 2944K, reserved 1048576K
}
Event: 13.316 GC heap before
{Heap before GC invocations=13 (full 2):
 PSYoungGen      total 28160K, used 27744K [0x00000000eab00000, 0x00000000ecd00000, 0x0000000100000000)
  eden space 23040K, 100% used [0x00000000eab00000,0x00000000ec180000,0x00000000ec180000)
  from space 5120K, 91% used [0x00000000ec800000,0x00000000ecc98020,0x00000000ecd00000)
  to   space 5120K, 44% used [0x00000000ec300000,0x00000000ec538010,0x00000000ec800000)
 ParOldGen       total 699392K, used 18190K [0x00000000c0000000, 0x00000000eab00000, 0x00000000eab00000)
  object space 699392K, 2% used [0x00000000c0000000,0x00000000c11c39f0,0x00000000eab00000)
 Metaspace       used 27389K, committed 28096K, reserved 1114112K
  class space    used 2600K, committed 2944K, reserved 1048576K
}

